<?xml version="1.0" encoding="UTF-8"?>
<robot generator="Robot 4.1.3 (Python 3.10.0 on win32)" generated="20220127 09:44:06.624" rpa="false" schemaversion="2">
<suite id="s1" name="Test" source="C:\Users\bure\Desktop\github\SoftwareTesting\RobotFramework\SemestralniProject\TS_001-Layout\TS_001_001-KontrolaHlavnichPrvkuStranky\test.robot">
<test id="s1-t1" name="Pre-conditions">
<kw name="Prepare Main Page" library="mainKeywords">
<kw name="Open Browser" library="SeleniumLibrary">
<arg>${MainPage}</arg>
<arg>${ProhlizecChrome}</arg>
<doc>Opens a new browser instance to the optional ``url``.</doc>
<msg timestamp="20220127 09:44:07.276" level="INFO">Opening browser 'Chrome' to base url 'https://www.nhl.com/'.</msg>
<msg timestamp="20220127 09:44:07.301" level="FAIL">WebDriverException: Message: 'chromedriver' executable needs to be in PATH. Please see https://chromedriver.chromium.org/home
</msg>
<status status="FAIL" starttime="20220127 09:44:07.276" endtime="20220127 09:44:07.301"/>
</kw>
<kw name="Maximize Browser Window" library="SeleniumLibrary">
<doc>Maximizes current browser window.</doc>
<status status="NOT RUN" starttime="20220127 09:44:07.302" endtime="20220127 09:44:07.302"/>
</kw>
<kw name="Wait Until Element Is Visible" library="SeleniumLibrary">
<arg>${Dialog}</arg>
<doc>Waits until the element ``locator`` is visible.</doc>
<status status="NOT RUN" starttime="20220127 09:44:07.302" endtime="20220127 09:44:07.302"/>
</kw>
<kw name="Click Element" library="SeleniumLibrary">
<arg>${Dialog}</arg>
<doc>Click the element identified by ``locator``.</doc>
<status status="NOT RUN" starttime="20220127 09:44:07.302" endtime="20220127 09:44:07.302"/>
</kw>
<kw name="Click Element" library="SeleniumLibrary">
<arg>${Privacy}</arg>
<doc>Click the element identified by ``locator``.</doc>
<status status="NOT RUN" starttime="20220127 09:44:07.302" endtime="20220127 09:44:07.302"/>
</kw>
<status status="FAIL" starttime="20220127 09:44:07.275" endtime="20220127 09:44:07.302"/>
</kw>
<status status="FAIL" starttime="20220127 09:44:07.274" endtime="20220127 09:44:07.303">WebDriverException: Message: 'chromedriver' executable needs to be in PATH. Please see https://chromedriver.chromium.org/home
</status>
</test>
<test id="s1-t2" name="TC_001_001_001 â€“ Kontrola loga, hlavicky, hlavniho clanku a paticky">
<kw name=":FOR">
<arg>${Element}</arg>
<arg>IN</arg>
<arg>@{MainElements}</arg>
<msg timestamp="20220127 09:44:07.310" level="FAIL">Support for the old for loop syntax has been removed. Replace ':FOR' with 'FOR', end the loop with 'END', and remove escaping backslashes.</msg>
<status status="FAIL" starttime="20220127 09:44:07.310" endtime="20220127 09:44:07.310"/>
</kw>
<kw name="\">
<arg>Wait Until Element Is Visible</arg>
<arg>${Element}</arg>
<status status="NOT RUN" starttime="20220127 09:44:07.311" endtime="20220127 09:44:07.311"/>
</kw>
<kw name="Capture Page Screenshot" library="SeleniumLibrary">
<arg>${SaveTo}LogoHeaderArticle.png</arg>
<doc>Takes a screenshot of the current page and embeds it into a log file.</doc>
<status status="NOT RUN" starttime="20220127 09:44:07.312" endtime="20220127 09:44:07.312"/>
</kw>
<kw name="Scroll Element Into View" library="SeleniumLibrary">
<arg>${Footer}</arg>
<doc>Scrolls the element identified by ``locator`` into view.</doc>
<status status="NOT RUN" starttime="20220127 09:44:07.312" endtime="20220127 09:44:07.312"/>
</kw>
<kw name="Capture Page Screenshot" library="SeleniumLibrary">
<arg>${SaveTo}Footer.png</arg>
<doc>Takes a screenshot of the current page and embeds it into a log file.</doc>
<status status="NOT RUN" starttime="20220127 09:44:07.313" endtime="20220127 09:44:07.313"/>
</kw>
<status status="FAIL" starttime="20220127 09:44:07.308" endtime="20220127 09:44:07.313">Support for the old for loop syntax has been removed. Replace ':FOR' with 'FOR', end the loop with 'END', and remove escaping backslashes.</status>
</test>
<test id="s1-t3" name="Post-conditions">
<kw name="Close Browser" library="SeleniumLibrary">
<doc>Closes the current browser.</doc>
<status status="PASS" starttime="20220127 09:44:07.315" endtime="20220127 09:44:07.315"/>
</kw>
<status status="PASS" starttime="20220127 09:44:07.315" endtime="20220127 09:44:07.317"/>
</test>
<status status="FAIL" starttime="20220127 09:44:06.627" endtime="20220127 09:44:07.319"/>
</suite>
<statistics>
<total>
<stat pass="1" fail="2" skip="0">All Tests</stat>
</total>
<tag>
</tag>
<suite>
<stat pass="1" fail="2" skip="0" id="s1" name="Test">Test</stat>
</suite>
</statistics>
<errors>
</errors>
</robot>
